# JRE version: OpenJDK Runtime Environment (8.0_152-b02) (build 1.8.0_152-release-1024-b02)
# Java VM: OpenJDK 64-Bit Server VM (25.152-b02 mixed mode windows-amd64 compressed oops)
Heap:
 PSYoungGen      total 272384K, used 171848K [0x00000000e0000000, 0x00000000f3d00000, 0x0000000100000000)
  eden space 247808K, 59% used [0x00000000e0000000,0x00000000e903c930,0x00000000ef200000)
  from space 24576K, 98% used [0x00000000efb00000,0x00000000f1295948,0x00000000f1300000)
  to   space 38400K, 0% used [0x00000000f1780000,0x00000000f1780000,0x00000000f3d00000)
 ParOldGen       total 133120K, used 88994K [0x00000000a0000000, 0x00000000a8200000, 0x00000000e0000000)
  object space 133120K, 66% used [0x00000000a0000000,0x00000000a56e8b48,0x00000000a8200000)
 Metaspace       used 78736K, capacity 82276K, committed 82432K, reserved 1120256K
  class space    used 10219K, capacity 10905K, committed 11008K, reserved 1048576K
GC Heap History (10 events):
Event: 18.569 GC heap before
{Heap before GC invocations=12 (full 2):
 PSYoungGen      total 175104K, used 47793K [0x00000000e0000000, 0x00000000ef100000, 0x0000000100000000)
  eden space 160256K, 20% used [0x00000000e0000000,0x00000000e202cb00,0x00000000e9c80000)
  from space 14848K, 99% used [0x00000000e9c80000,0x00000000eaaffbe8,0x00000000eab00000)
  to   space 19968K, 0% used [0x00000000edd80000,0x00000000edd80000,0x00000000ef100000)
 ParOldGen       total 92160K, used 28736K [0x00000000a0000000, 0x00000000a5a00000, 0x00000000e0000000)
  object space 92160K, 31% used [0x00000000a0000000,0x00000000a1c10000,0x00000000a5a00000)
 Metaspace       used 57249K, capacity 58884K, committed 59008K, reserved 1099776K
  class space    used 7845K, capacity 8247K, committed 8320K, reserved 1048576K
Event: 18.595 GC heap after
Heap after GC invocations=12 (full 2):
 PSYoungGen      total 227840K, used 9961K [0x00000000e0000000, 0x00000000ef180000, 0x0000000100000000)
  eden space 207872K, 0% used [0x00000000e0000000,0x00000000e0000000,0x00000000ecb00000)
  from space 19968K, 49% used [0x00000000edd80000,0x00000000ee73a6e8,0x00000000ef100000)
  to   space 18944K, 0% used [0x00000000ecb00000,0x00000000ecb00000,0x00000000edd80000)
 ParOldGen       total 92160K, used 35802K [0x00000000a0000000, 0x00000000a5a00000, 0x00000000e0000000)
  object space 92160K, 38% used [0x00000000a0000000,0x00000000a22f6968,0x00000000a5a00000)
 Metaspace       used 57249K, capacity 58884K, committed 59008K, reserved 1099776K
  class space    used 7845K, capacity 8247K, committed 8320K, reserved 1048576K
}
Event: 18.595 GC heap before
{Heap before GC invocations=13 (full 3):
 PSYoungGen      total 227840K, used 9961K [0x00000000e0000000, 0x00000000ef180000, 0x0000000100000000)
  eden space 207872K, 0% used [0x00000000e0000000,0x00000000e0000000,0x00000000ecb00000)
  from space 19968K, 49% used [0x00000000edd80000,0x00000000ee73a6e8,0x00000000ef100000)
  to   space 18944K, 0% used [0x00000000ecb00000,0x00000000ecb00000,0x00000000edd80000)
 ParOldGen       total 92160K, used 35802K [0x00000000a0000000, 0x00000000a5a00000, 0x00000000e0000000)
  object space 92160K, 38% used [0x00000000a0000000,0x00000000a22f6968,0x00000000a5a00000)
 Metaspace       used 57249K, capacity 58884K, committed 59008K, reserved 1099776K
  class space    used 7845K, capacity 8247K, committed 8320K, reserved 1048576K
Event: 18.820 GC heap after
Heap after GC invocations=13 (full 3):
 PSYoungGen      total 227840K, used 0K [0x00000000e0000000, 0x00000000ef180000, 0x0000000100000000)
  eden space 207872K, 0% used [0x00000000e0000000,0x00000000e0000000,0x00000000ecb00000)
  from space 19968K, 0% used [0x00000000edd80000,0x00000000edd80000,0x00000000ef100000)
  to   space 18944K, 0% used [0x00000000ecb00000,0x00000000ecb00000,0x00000000edd80000)
 ParOldGen       total 133120K, used 33185K [0x00000000a0000000, 0x00000000a8200000, 0x00000000e0000000)
  object space 133120K, 24% used [0x00000000a0000000,0x00000000a2068660,0x00000000a8200000)
 Metaspace       used 57249K, capacity 58884K, committed 59008K, reserved 1099776K
  class space    used 7845K, capacity 8247K, committed 8320K, reserved 1048576K
}
Event: 24.462 GC heap before
{Heap before GC invocations=14 (full 3):
 PSYoungGen      total 227840K, used 207872K [0x00000000e0000000, 0x00000000ef180000, 0x0000000100000000)
  eden space 207872K, 100% used [0x00000000e0000000,0x00000000ecb00000,0x00000000ecb00000)
  from space 19968K, 0% used [0x00000000edd80000,0x00000000edd80000,0x00000000ef100000)
  to   space 18944K, 0% used [0x00000000ecb00000,0x00000000ecb00000,0x00000000edd80000)
 ParOldGen       total 133120K, used 33185K [0x00000000a0000000, 0x00000000a8200000, 0x00000000e0000000)
  object space 133120K, 24% used [0x00000000a0000000,0x00000000a2068660,0x00000000a8200000)
 Metaspace       used 60964K, capacity 62646K, committed 62848K, reserved 1103872K
  class space    used 8127K, capacity 8544K, committed 8576K, reserved 1048576K
Event: 24.537 GC heap after
Heap after GC invocations=14 (full 3):
 PSYoungGen      total 226816K, used 18938K [0x00000000e0000000, 0x00000000f4780000, 0x0000000100000000)
  eden space 207872K, 0% used [0x00000000e0000000,0x00000000e0000000,0x00000000ecb00000)
  from space 18944K, 99% used [0x00000000ecb00000,0x00000000edd7e920,0x00000000edd80000)
  to   space 36864K, 0% used [0x00000000f2380000,0x00000000f2380000,0x00000000f4780000)
 ParOldGen       total 133120K, used 74666K [0x00000000a0000000, 0x00000000a8200000, 0x00000000e0000000)
  object space 133120K, 56% used [0x00000000a0000000,0x00000000a48ea920,0x00000000a8200000)
 Metaspace       used 60964K, capacity 62646K, committed 62848K, reserved 1103872K
  class space    used 8127K, capacity 8544K, committed 8576K, reserved 1048576K
}
Event: 33.431 GC heap before
{Heap before GC invocations=15 (full 3):
 PSYoungGen      total 226816K, used 226810K [0x00000000e0000000, 0x00000000f4780000, 0x0000000100000000)
  eden space 207872K, 100% used [0x00000000e0000000,0x00000000ecb00000,0x00000000ecb00000)
  from space 18944K, 99% used [0x00000000ecb00000,0x00000000edd7e920,0x00000000edd80000)
  to   space 36864K, 0% used [0x00000000f2380000,0x00000000f2380000,0x00000000f4780000)
 ParOldGen       total 133120K, used 74666K [0x00000000a0000000, 0x00000000a8200000, 0x00000000e0000000)
  object space 133120K, 56% used [0x00000000a0000000,0x00000000a48ea920,0x00000000a8200000)
 Metaspace       used 73318K, capacity 76390K, committed 76672K, reserved 1116160K
  class space    used 9865K, capacity 10518K, committed 10624K, reserved 1048576K
Event: 33.484 GC heap after
Heap after GC invocations=15 (full 3):
 PSYoungGen      total 290304K, used 22416K [0x00000000e0000000, 0x00000000f4400000, 0x0000000100000000)
  eden space 257024K, 0% used [0x00000000e0000000,0x00000000e0000000,0x00000000efb00000)
  from space 33280K, 67% used [0x00000000f2380000,0x00000000f39641f0,0x00000000f4400000)
  to   space 37376K, 0% used [0x00000000efb00000,0x00000000efb00000,0x00000000f1f80000)
 ParOldGen       total 133120K, used 88986K [0x00000000a0000000, 0x00000000a8200000, 0x00000000e0000000)
  object space 133120K, 66% used [0x00000000a0000000,0x00000000a56e6b48,0x00000000a8200000)
 Metaspace       used 73318K, capacity 76390K, committed 76672K, reserved 1116160K
  class space    used 9865K, capacity 10518K, committed 10624K, reserved 1048576K
}
Event: 2711.435 GC heap before
{Heap before GC invocations=16 (full 3):
 PSYoungGen      total 290304K, used 279440K [0x00000000e0000000, 0x00000000f4400000, 0x0000000100000000)
  eden space 257024K, 100% used [0x00000000e0000000,0x00000000efb00000,0x00000000efb00000)
  from space 33280K, 67% used [0x00000000f2380000,0x00000000f39641f0,0x00000000f4400000)
  to   space 37376K, 0% used [0x00000000efb00000,0x00000000efb00000,0x00000000f1f80000)
 ParOldGen       total 133120K, used 88986K [0x00000000a0000000, 0x00000000a8200000, 0x00000000e0000000)
  object space 133120K, 66% used [0x00000000a0000000,0x00000000a56e6b48,0x00000000a8200000)
 Metaspace       used 77370K, capacity 80766K, committed 81024K, reserved 1120256K
  class space    used 10123K, capacity 10792K, committed 10880K, reserved 1048576K
Event: 2711.486 GC heap after
Heap after GC invocations=16 (full 3):
 PSYoungGen      total 272384K, used 24150K [0x00000000e0000000, 0x00000000f3d00000, 0x0000000100000000)
  eden space 247808K, 0% used [0x00000000e0000000,0x00000000e0000000,0x00000000ef200000)
  from space 24576K, 98% used [0x00000000efb00000,0x00000000f1295948,0x00000000f1300000)
  to   space 38400K, 0% used [0x00000000f1780000,0x00000000f1780000,0x00000000f3d00000)
 ParOldGen       total 133120K, used 88994K [0x00000000a0000000, 0x00000000a8200000, 0x00000000e0000000)
  object space 133120K, 66% used [0x00000000a0000000,0x00000000a56e8b48,0x00000000a8200000)
 Metaspace       used 77370K, capacity 80766K, committed 81024K, reserved 1120256K
  class space    used 10123K, capacity 10792K, committed 10880K, reserved 1048576K
}

